<?xml version="1.0" encoding="utf-8"?><testsuites name="pytest tests"><testsuite name="pytest" errors="0" failures="0" skipped="0" tests="7" time="1.528" timestamp="2026-05-11T06:34:06.019751+00:00" hostname="agent-env-e9d4b682-bd13-4c8a-98e3-832009d61c35"><testcase classname="backend.tests.test_iteration29_madino_partners.TestPartnerProfilesPublic" name="test_list_profiles_contains_seven_including_madino" time="0.148" /><testcase classname="backend.tests.test_iteration29_madino_partners.TestPartnerProfilesPublic" name="test_madino_detail_full_profile" time="0.104" /><testcase classname="backend.tests.test_iteration29_madino_partners.TestPartnerProfilesPublic" name="test_no_mongo_id_leak" time="0.105" /><testcase classname="backend.tests.test_iteration29_madino_partners.TestChaletTerrasCategory" name="test_terras_has_six_options_with_madino" time="0.106" /><testcase classname="backend.tests.test_iteration29_madino_partners.TestPartnerAdminCRUD" name="test_admin_list_full_seven" time="0.107" /><testcase classname="backend.tests.test_iteration29_madino_partners.TestPartnerAdminCRUD" name="test_create_update_delete_flow" time="0.551" /><testcase classname="backend.tests.test_iteration29_madino_partners.TestPartnerAdminCRUD" name="test_create_duplicate_id_returns_error" time="0.324" /></testsuite></testsuites>