<?xml version="1.0" encoding="utf-8"?><testsuites name="pytest tests"><testsuite name="pytest" errors="0" failures="0" skipped="0" tests="23" time="3.932" timestamp="2026-04-10T06:50:06.781892+00:00" hostname="agent-env-e2420cc5-e53c-43b1-9aed-e857bc11a82b"><testcase classname="backend.tests.test_iteration21_partner_profiles.TestPartnerProfilesAPI" name="test_get_all_partner_profiles" time="0.227" /><testcase classname="backend.tests.test_iteration21_partner_profiles.TestPartnerProfilesAPI" name="test_partner_profile_summary_fields" time="0.114" /><testcase classname="backend.tests.test_iteration21_partner_profiles.TestPartnerProfilesAPI" name="test_ticra_outdoor_full_profile" time="0.101" /><testcase classname="backend.tests.test_iteration21_partner_profiles.TestPartnerProfilesAPI" name="test_ticra_outdoor_podcast_section" time="0.151" /><testcase classname="backend.tests.test_iteration21_partner_profiles.TestPartnerProfilesAPI" name="test_ticra_outdoor_trendwatcher_quote" time="0.101" /><testcase classname="backend.tests.test_iteration21_partner_profiles.TestPartnerProfilesAPI" name="test_ticra_outdoor_top_products" time="0.108" /><testcase classname="backend.tests.test_iteration21_partner_profiles.TestPartnerProfilesAPI" name="test_ticra_outdoor_events_deelname" time="0.105" /><testcase classname="backend.tests.test_iteration21_partner_profiles.TestPartnerProfilesAPI" name="test_ticra_outdoor_usps" time="0.108" /><testcase classname="backend.tests.test_iteration21_partner_profiles.TestPartnerProfilesAPI" name="test_ticra_outdoor_stats" time="0.131" /><testcase classname="backend.tests.test_iteration21_partner_profiles.TestPartnerProfilesAPI" name="test_ticra_outdoor_links" time="0.140" /><testcase classname="backend.tests.test_iteration21_partner_profiles.TestPartnerProfilesAPI" name="test_kunert_group_profile" time="0.126" /><testcase classname="backend.tests.test_iteration21_partner_profiles.TestPartnerProfilesAPI" name="test_arcabo_profile" time="0.106" /><testcase classname="backend.tests.test_iteration21_partner_profiles.TestPartnerProfilesAPI" name="test_campsolutions_profile" time="0.105" /><testcase classname="backend.tests.test_iteration21_partner_profiles.TestPartnerProfilesAPI" name="test_nonexistent_partner_profile" time="0.110" /><testcase classname="backend.tests.test_iteration21_partner_profiles.TestClickTracking" name="test_track_profile_view" time="0.808" /><testcase classname="backend.tests.test_iteration21_partner_profiles.TestClickTracking" name="test_track_website_click" time="0.258" /><testcase classname="backend.tests.test_iteration21_partner_profiles.TestClickTracking" name="test_track_blog_click" time="0.240" /><testcase classname="backend.tests.test_iteration21_partner_profiles.TestClickTracking" name="test_track_podcast_click" time="0.246" /><testcase classname="backend.tests.test_iteration21_partner_profiles.TestProductCardsWithSupplier" name="test_wellness_products_have_supplier" time="0.116" /><testcase classname="backend.tests.test_iteration21_partner_profiles.TestProductCardsWithSupplier" name="test_wellness_products_have_images" time="0.107" /><testcase classname="backend.tests.test_iteration21_partner_profiles.TestChaletWizardSupplierLinks" name="test_chalet_suppliers_endpoint" time="0.097" /><testcase classname="backend.tests.test_iteration21_partner_profiles.TestChaletWizardSupplierLinks" name="test_chalet_models_have_supplier_name" time="0.116" /><testcase classname="backend.tests.test_iteration21_partner_profiles.TestChaletWizardSupplierLinks" name="test_chalet_upgrade_options_wellness_has_supplier" time="0.100" /></testsuite></testsuites>