<?xml version="1.0" encoding="utf-8"?><testsuites name="pytest tests"><testsuite name="pytest" errors="0" failures="0" skipped="0" tests="13" time="3.747" timestamp="2026-04-13T19:37:58.651700+00:00" hostname="agent-env-ba51e1aa-693f-41d2-bcd4-c61a6db963de"><testcase classname="backend.tests.test_iteration26_auth.TestAuthLogin" name="test_login_success_correct_credentials" time="0.687" /><testcase classname="backend.tests.test_iteration26_auth.TestAuthLogin" name="test_login_wrong_password_returns_401" time="0.384" /><testcase classname="backend.tests.test_iteration26_auth.TestAuthLogin" name="test_login_wrong_username_returns_401" time="0.126" /><testcase classname="backend.tests.test_iteration26_auth.TestAuthLogin" name="test_login_empty_credentials_returns_error" time="0.229" /><testcase classname="backend.tests.test_iteration26_auth.TestAuthMe" name="test_me_with_valid_bearer_token" time="0.480" /><testcase classname="backend.tests.test_iteration26_auth.TestAuthMe" name="test_me_without_token_returns_401" time="0.149" /><testcase classname="backend.tests.test_iteration26_auth.TestAuthMe" name="test_me_with_invalid_token_returns_401" time="0.115" /><testcase classname="backend.tests.test_iteration26_auth.TestAuthLogout" name="test_logout_clears_cookie" time="0.395" /><testcase classname="backend.tests.test_iteration26_auth.TestAuthCookieFlow" name="test_login_sets_httponly_cookie" time="0.360" /><testcase classname="backend.tests.test_iteration26_auth.TestAuthCookieFlow" name="test_me_with_cookie_auth" time="0.378" /><testcase classname="backend.tests.test_iteration26_auth.TestExistingEndpointsStillWork" name="test_products_endpoint_works" time="0.146" /><testcase classname="backend.tests.test_iteration26_auth.TestExistingEndpointsStillWork" name="test_suppliers_endpoint_works" time="0.111" /><testcase classname="backend.tests.test_iteration26_auth.TestExistingEndpointsStillWork" name="test_root_endpoint_works" time="0.107" /></testsuite></testsuites>