<?xml version="1.0" encoding="utf-8"?><testsuites name="pytest tests"><testsuite name="pytest" errors="0" failures="0" skipped="0" tests="17" time="2.123" timestamp="2026-04-08T11:53:34.543549+00:00" hostname="agent-env-95a1d1c8-9f74-4f57-97c2-a1613d485171"><testcase classname="backend.tests.test_chalet_engine.TestChaletModels" name="test_get_all_models_returns_10" time="0.203" /><testcase classname="backend.tests.test_chalet_engine.TestChaletModels" name="test_models_have_required_fields" time="0.116" /><testcase classname="backend.tests.test_chalet_engine.TestChaletModels" name="test_models_have_pricing_structure" time="0.157" /><testcase classname="backend.tests.test_chalet_engine.TestChaletFilters" name="test_filter_by_bestemming_pre_mantelzorg" time="0.107" /><testcase classname="backend.tests.test_chalet_engine.TestChaletFilters" name="test_filter_by_dak_vorm_zadeldak" time="0.100" /><testcase classname="backend.tests.test_chalet_engine.TestChaletFilters" name="test_filter_by_model_vorm_l_vorm" time="0.097" /><testcase classname="backend.tests.test_chalet_engine.TestChaletFilters" name="test_filter_by_area_range" time="0.096" /><testcase classname="backend.tests.test_chalet_engine.TestChaletFilters" name="test_combined_filters" time="0.134" /><testcase classname="backend.tests.test_chalet_engine.TestChaletPricing" name="test_plat_12_pricing" time="0.095" /><testcase classname="backend.tests.test_chalet_engine.TestChaletPricing" name="test_zadel_18_pricing" time="0.099" /><testcase classname="backend.tests.test_chalet_engine.TestChaletPricing" name="test_btw_calculation" time="0.102" /><testcase classname="backend.tests.test_chalet_engine.TestChaletFilterOptions" name="test_get_filters" time="0.097" /><testcase classname="backend.tests.test_chalet_engine.TestChaletFilterOptions" name="test_bestemmingen_options" time="0.099" /><testcase classname="backend.tests.test_chalet_engine.TestChaletFilterOptions" name="test_dak_vormen_options" time="0.114" /><testcase classname="backend.tests.test_chalet_engine.TestChaletFilterOptions" name="test_suppliers" time="0.137" /><testcase classname="backend.tests.test_chalet_engine.TestChaletModelDetails" name="test_get_model_by_id" time="0.120" /><testcase classname="backend.tests.test_chalet_engine.TestChaletModelDetails" name="test_get_nonexistent_model" time="0.114" /></testsuite></testsuites>