<?xml version="1.0" encoding="utf-8"?><testsuites name="pytest tests"><testsuite name="pytest" errors="0" failures="0" skipped="0" tests="26" time="3.393" timestamp="2026-04-09T20:28:51.078857+00:00" hostname="agent-env-e2420cc5-e53c-43b1-9aed-e857bc11a82b"><testcase classname="backend.tests.test_chalet_engine.TestChaletModels" name="test_get_all_models_returns_26" time="0.245" /><testcase classname="backend.tests.test_chalet_engine.TestChaletModels" name="test_models_have_real_product_images" time="0.148" /><testcase classname="backend.tests.test_chalet_engine.TestChaletModels" name="test_filter_by_category_chalet" time="0.129" /><testcase classname="backend.tests.test_chalet_engine.TestChaletModels" name="test_filter_by_category_glamping" time="0.140" /><testcase classname="backend.tests.test_chalet_engine.TestChaletModels" name="test_filter_by_supplier_kunert" time="0.113" /><testcase classname="backend.tests.test_chalet_engine.TestChaletModels" name="test_filter_by_supplier_arcabo" time="0.117" /><testcase classname="backend.tests.test_chalet_engine.TestChaletModels" name="test_filter_by_supplier_campsolutions" time="0.097" /><testcase classname="backend.tests.test_chalet_engine.TestChaletModels" name="test_model_has_pricing_structure" time="0.101" /><testcase classname="backend.tests.test_chalet_engine.TestChaletSuppliers" name="test_get_suppliers_returns_4" time="0.172" /><testcase classname="backend.tests.test_chalet_engine.TestChaletSuppliers" name="test_all_suppliers_are_pleisureworld_partners" time="0.098" /><testcase classname="backend.tests.test_chalet_engine.TestChaletSuppliers" name="test_supplier_structure" time="0.105" /><testcase classname="backend.tests.test_chalet_engine.TestChaletSuppliers" name="test_supplier_names" time="0.128" /><testcase classname="backend.tests.test_chalet_engine.TestInspiratiePakketten" name="test_get_inspiratie_returns_3_packages" time="0.106" /><testcase classname="backend.tests.test_chalet_engine.TestInspiratiePakketten" name="test_inspiratie_package_names" time="0.109" /><testcase classname="backend.tests.test_chalet_engine.TestInspiratiePakketten" name="test_inspiratie_package_structure" time="0.108" /><testcase classname="backend.tests.test_chalet_engine.TestInspiratiePakketten" name="test_inspiratie_detail_endpoint" time="0.124" /><testcase classname="backend.tests.test_chalet_engine.TestUpgradeOptions" name="test_chalet_upgrade_options" time="0.107" /><testcase classname="backend.tests.test_chalet_engine.TestUpgradeOptions" name="test_glamping_upgrade_options" time="0.123" /><testcase classname="backend.tests.test_chalet_engine.TestUpgradeOptions" name="test_upgrade_option_structure" time="0.111" /><testcase classname="backend.tests.test_chalet_engine.TestDynamicPricing" name="test_calculate_with_no_upgrades" time="0.109" /><testcase classname="backend.tests.test_chalet_engine.TestDynamicPricing" name="test_calculate_with_upgrades" time="0.103" /><testcase classname="backend.tests.test_chalet_engine.TestDynamicPricing" name="test_calculate_updates_lease_monthly" time="0.212" /><testcase classname="backend.tests.test_chalet_engine.TestImageSources" name="test_kunert_images_from_chaletskunert" time="0.109" /><testcase classname="backend.tests.test_chalet_engine.TestImageSources" name="test_arcabo_images_from_arcabo" time="0.118" /><testcase classname="backend.tests.test_chalet_engine.TestImageSources" name="test_campsolutions_images_from_campsolutions" time="0.110" /><testcase classname="backend.tests.test_chalet_engine.TestImageSources" name="test_bbs_images_from_ucarecdn" time="0.145" /></testsuite></testsuites>