<?xml version="1.0" encoding="utf-8"?><testsuites name="pytest tests"><testsuite name="pytest" errors="0" failures="0" skipped="0" tests="14" time="13.629" timestamp="2026-04-04T08:22:24.299578+00:00" hostname="agent-env-9dc20e42-e12e-44f2-9405-f6071e00f945"><testcase classname="backend.tests.test_recra_api.TestProductsAPI" name="test_get_all_products_returns_22" time="0.124" /><testcase classname="backend.tests.test_recra_api.TestProductsAPI" name="test_no_muntautomaat_in_products" time="0.101" /><testcase classname="backend.tests.test_recra_api.TestProductsAPI" name="test_sanitair_category_has_3_products" time="0.106" /><testcase classname="backend.tests.test_recra_api.TestProductsAPI" name="test_douchelezer_category_has_3_products" time="0.134" /><testcase classname="backend.tests.test_recra_api.TestProductsAPI" name="test_all_categories_exist" time="0.089" /><testcase classname="backend.tests.test_recra_api.TestProductsAPI" name="test_product_has_required_fields" time="0.095" /><testcase classname="backend.tests.test_recra_api.TestProjectsAPI" name="test_create_project" time="0.088" /><testcase classname="backend.tests.test_recra_api.TestProjectsAPI" name="test_get_project" time="0.181" /><testcase classname="backend.tests.test_recra_api.TestProjectsAPI" name="test_update_project_with_placed_products" time="0.289" /><testcase classname="backend.tests.test_recra_api.TestProjectsAPI" name="test_delete_project" time="0.283" /><testcase classname="backend.tests.test_recra_api.TestQuoteAPI" name="test_calculate_quote" time="0.470" /><testcase classname="backend.tests.test_recra_api.TestAIRecommendationsAPI" name="test_get_recommendations" time="10.498" /><testcase classname="backend.tests.test_recra_api.TestPDFExportAPI" name="test_generate_pdf" time="0.476" /><testcase classname="backend.tests.test_recra_api.TestHealthAndRoot" name="test_api_root" time="0.537" /></testsuite></testsuites>