<?xml version="1.0" encoding="utf-8"?><testsuites name="pytest tests"><testsuite name="pytest" errors="0" failures="0" skipped="0" tests="18" time="2.320" timestamp="2026-04-10T07:27:46.197039+00:00" hostname="agent-env-ba51e1aa-693f-41d2-bcd4-c61a6db963de"><testcase classname="backend.tests.test_iteration22_p1p2_features.TestRoadmapEngine" name="test_roadmap_phases_recreatie" time="0.119" /><testcase classname="backend.tests.test_iteration22_p1p2_features.TestRoadmapEngine" name="test_roadmap_phases_chalet" time="0.099" /><testcase classname="backend.tests.test_iteration22_p1p2_features.TestRoadmapEngine" name="test_roadmap_phases_fec" time="0.104" /><testcase classname="backend.tests.test_iteration22_p1p2_features.TestRoadmapEngine" name="test_roadmap_phases_invalid_type" time="0.100" /><testcase classname="backend.tests.test_iteration22_p1p2_features.TestRoadmapEngine" name="test_roadmap_summary" time="0.097" /><testcase classname="backend.tests.test_iteration22_p1p2_features.TestWhiteLabelEngine" name="test_whitelabel_config_default" time="0.100" /><testcase classname="backend.tests.test_iteration22_p1p2_features.TestWhiteLabelEngine" name="test_whitelabel_configs_list" time="0.107" /><testcase classname="backend.tests.test_iteration22_p1p2_features.TestWhiteLabelEngine" name="test_whitelabel_config_by_id" time="0.097" /><testcase classname="backend.tests.test_iteration22_p1p2_features.TestEnrichedPartnerProfiles" name="test_partner_profile_ticra_outdoor" time="0.131" /><testcase classname="backend.tests.test_iteration22_p1p2_features.TestEnrichedPartnerProfiles" name="test_partner_profile_kunert_group" time="0.105" /><testcase classname="backend.tests.test_iteration22_p1p2_features.TestEnrichedPartnerProfiles" name="test_partner_profile_arcabo" time="0.095" /><testcase classname="backend.tests.test_iteration22_p1p2_features.TestEnrichedPartnerProfiles" name="test_partner_profile_campsolutions" time="0.095" /><testcase classname="backend.tests.test_iteration22_p1p2_features.TestEnrichedPartnerProfiles" name="test_partner_profile_bbs_systeembouw" time="0.093" /><testcase classname="backend.tests.test_iteration22_p1p2_features.TestDynamicTop3" name="test_dynamic_top3_ticra_outdoor" time="0.360" /><testcase classname="backend.tests.test_iteration22_p1p2_features.TestDynamicTop3" name="test_dynamic_top3_invalid_partner" time="0.109" /><testcase classname="backend.tests.test_iteration22_p1p2_features.TestFecPdfExport" name="test_fec_pdf_export" time="0.200" /><testcase classname="backend.tests.test_iteration22_p1p2_features.TestFlowSelectorCards" name="test_api_root" time="0.101" /><testcase classname="backend.tests.test_iteration22_p1p2_features.TestFlowSelectorCards" name="test_products_endpoint" time="0.102" /></testsuite></testsuites>