<?xml version="1.0" encoding="utf-8"?><testsuites name="pytest tests"><testsuite name="pytest" errors="0" failures="0" skipped="0" tests="13" time="2.770" timestamp="2026-04-06T09:01:10.447108+00:00" hostname="agent-env-9c1f166d-6ea7-492a-ab9b-04a64b16afb1"><testcase classname="backend.tests.test_iteration10_flows.TestFlowProductFiltering" name="test_api_health" time="0.151" /><testcase classname="backend.tests.test_iteration10_flows.TestFlowProductFiltering" name="test_all_products_count" time="0.100" /><testcase classname="backend.tests.test_iteration10_flows.TestFlowProductFiltering" name="test_recreatie_flow_products" time="0.097" /><testcase classname="backend.tests.test_iteration10_flows.TestFlowProductFiltering" name="test_chalet_flow_products" time="0.150" /><testcase classname="backend.tests.test_iteration10_flows.TestFlowProductFiltering" name="test_fec_flow_products" time="0.092" /><testcase classname="backend.tests.test_iteration10_flows.TestSupplierMatching" name="test_supplier_list" time="0.118" /><testcase classname="backend.tests.test_iteration10_flows.TestSupplierMatching" name="test_supplier_match_returns_sorted_list" time="0.097" /><testcase classname="backend.tests.test_iteration10_flows.TestSupplierMatching" name="test_supplier_match_with_category_filter" time="0.098" /><testcase classname="backend.tests.test_iteration10_flows.TestQuoteCalculation" name="test_quote_includes_travel_costs" time="0.454" /><testcase classname="backend.tests.test_iteration10_flows.TestQuoteCalculation" name="test_quote_travel_costs_per_category" time="0.391" /><testcase classname="backend.tests.test_iteration10_flows.TestProjectCRUD" name="test_create_and_get_project" time="0.308" /><testcase classname="backend.tests.test_iteration10_flows.TestProjectCRUD" name="test_update_project" time="0.294" /><testcase classname="backend.tests.test_iteration10_flows.TestProjectCRUD" name="test_delete_project" time="0.298" /></testsuite></testsuites>