<?xml version="1.0" encoding="utf-8"?><testsuites name="pytest tests"><testsuite name="pytest" errors="0" failures="0" skipped="0" tests="22" time="85.622" timestamp="2026-04-13T11:03:13.285907+00:00" hostname="agent-env-ba51e1aa-693f-41d2-bcd4-c61a6db963de"><testcase classname="backend.tests.test_iteration24_crm_features.TestCRMLeads" name="test_create_lead_basic" time="0.548" /><testcase classname="backend.tests.test_iteration24_crm_features.TestCRMLeads" name="test_create_lead_full_data" time="0.246" /><testcase classname="backend.tests.test_iteration24_crm_features.TestCRMLeads" name="test_create_lead_middel_kans" time="0.244" /><testcase classname="backend.tests.test_iteration24_crm_features.TestCRMLeads" name="test_get_leads_list" time="0.362" /><testcase classname="backend.tests.test_iteration24_crm_features.TestCRMLeads" name="test_get_lead_by_id" time="0.377" /><testcase classname="backend.tests.test_iteration24_crm_features.TestCRMLeads" name="test_get_lead_not_found" time="0.104" /><testcase classname="backend.tests.test_iteration24_crm_features.TestCRMFollowUp" name="test_generate_follow_up_for_lead" time="0.365" /><testcase classname="backend.tests.test_iteration24_crm_features.TestCRMFollowUp" name="test_generate_follow_up_from_data" time="0.101" /><testcase classname="backend.tests.test_iteration24_crm_features.TestCRMFollowUp" name="test_follow_up_for_nonexistent_lead" time="0.103" /><testcase classname="backend.tests.test_iteration24_crm_features.TestScenarioGenerator" name="test_generate_scenarios_basic" time="16.801" /><testcase classname="backend.tests.test_iteration24_crm_features.TestScenarioGenerator" name="test_generate_scenarios_high_budget" time="21.216" /><testcase classname="backend.tests.test_iteration24_crm_features.TestScenarioGenerator" name="test_generate_scenarios_low_budget" time="19.099" /><testcase classname="backend.tests.test_iteration24_crm_features.TestScenarioGenerator" name="test_scenarios_have_terugverdientijd" time="23.324" /><testcase classname="backend.tests.test_iteration24_crm_features.TestLeadScoreCalculation" name="test_score_email_only" time="0.593" /><testcase classname="backend.tests.test_iteration24_crm_features.TestLeadScoreCalculation" name="test_score_email_telefoon" time="0.243" /><testcase classname="backend.tests.test_iteration24_crm_features.TestLeadScoreCalculation" name="test_score_email_telefoon_bedrijf" time="0.240" /><testcase classname="backend.tests.test_iteration24_crm_features.TestLeadScoreCalculation" name="test_score_with_project" time="0.252" /><testcase classname="backend.tests.test_iteration24_crm_features.TestLeadScoreCalculation" name="test_score_with_subsidie_score" time="0.242" /><testcase classname="backend.tests.test_iteration24_crm_features.TestLeadScoreCalculation" name="test_score_hoog_kans" time="0.245" /><testcase classname="backend.tests.test_iteration24_crm_features.TestLeadScoreCalculation" name="test_score_high_investering" time="0.253" /><testcase classname="backend.tests.test_iteration24_crm_features.TestLeadScoreCalculation" name="test_score_max_100" time="0.246" /><testcase classname="backend.tests.test_iteration24_crm_features.TestImprovedPDF" name="test_pdf_endpoint_exists" time="0.318" /></testsuite></testsuites>