<?xml version="1.0" encoding="utf-8"?><testsuites name="pytest tests"><testsuite name="pytest" errors="0" failures="0" skipped="0" tests="15" time="3.324" timestamp="2026-04-13T10:23:24.593236+00:00" hostname="agent-env-ba51e1aa-693f-41d2-bcd4-c61a6db963de"><testcase classname="backend.tests.test_iteration23_subsidy_module.TestSubsidyCheck" name="test_subsidy_check_high_score" time="0.195" /><testcase classname="backend.tests.test_iteration23_subsidy_module.TestSubsidyCheck" name="test_subsidy_check_low_investment_hard_filter" time="0.153" /><testcase classname="backend.tests.test_iteration23_subsidy_module.TestSubsidyCheck" name="test_subsidy_check_medium_score" time="0.129" /><testcase classname="backend.tests.test_iteration23_subsidy_module.TestSubsidyCheck" name="test_subsidy_check_breakdown_scores" time="0.105" /><testcase classname="backend.tests.test_iteration23_subsidy_module.TestSubsidyAIAnalyse" name="test_ai_analyse_returns_rules_score_and_ai_result" time="0.107" /><testcase classname="backend.tests.test_iteration23_subsidy_module.TestSubsidyAIAnalyse" name="test_ai_analyse_with_low_investment" time="0.136" /><testcase classname="backend.tests.test_iteration23_subsidy_module.TestSubsidyGenerateDocument" name="test_generate_document_returns_document" time="0.156" /><testcase classname="backend.tests.test_iteration23_subsidy_module.TestSubsidyEndpointValidation" name="test_subsidy_check_missing_fields" time="0.096" /><testcase classname="backend.tests.test_iteration23_subsidy_module.TestSubsidyEndpointValidation" name="test_subsidy_check_empty_body" time="0.102" /><testcase classname="backend.tests.test_iteration23_subsidy_module.TestSubsidyScoringLogic" name="test_sector_scoring" time="0.486" /><testcase classname="backend.tests.test_iteration23_subsidy_module.TestSubsidyScoringLogic" name="test_doel_scoring" time="0.424" /><testcase classname="backend.tests.test_iteration23_subsidy_module.TestSubsidyScoringLogic" name="test_investering_scoring" time="0.304" /><testcase classname="backend.tests.test_iteration23_subsidy_module.TestSubsidyScoringLogic" name="test_gebruikers_impact_scoring" time="0.416" /><testcase classname="backend.tests.test_iteration23_subsidy_module.TestSubsidyScoringLogic" name="test_samenwerking_scoring" time="0.211" /><testcase classname="backend.tests.test_iteration23_subsidy_module.TestSubsidyScoringLogic" name="test_duurzaamheid_scoring" time="0.213" /></testsuite></testsuites>