<?xml version="1.0" encoding="utf-8"?><testsuites name="pytest tests"><testsuite name="pytest" errors="0" failures="0" skipped="0" tests="24" time="15.946" timestamp="2026-04-04T08:41:43.461571+00:00" hostname="agent-env-9dc20e42-e12e-44f2-9405-f6071e00f945"><testcase classname="backend.tests.test_iteration5.TestSanitairDimensions" name="test_compact_sanitair_dimensions" time="0.125" /><testcase classname="backend.tests.test_iteration5.TestSanitairDimensions" name="test_medium_sanitair_dimensions" time="0.117" /><testcase classname="backend.tests.test_iteration5.TestSanitairDimensions" name="test_premium_sanitair_dimensions" time="0.094" /><testcase classname="backend.tests.test_iteration5.TestMuntautomaatRemoved" name="test_no_muntautomaat_in_products" time="0.086" /><testcase classname="backend.tests.test_iteration5.TestPDFLabels" name="test_pdf_uses_aankoopkosten_not_capex" time="0.470" /><testcase classname="backend.tests.test_iteration5.TestPDFLabels" name="test_pdf_uses_operational_lease_not_opex" time="0.510" /><testcase classname="backend.tests.test_iteration5.TestProductsAPI" name="test_get_all_products" time="0.097" /><testcase classname="backend.tests.test_iteration5.TestProductsAPI" name="test_sanitair_products_have_dimensions" time="0.090" /><testcase classname="backend.tests.test_iteration5.TestProjectCRUD" name="test_create_and_get_project" time="0.285" /><testcase classname="backend.tests.test_iteration5.TestQuoteCalculation" name="test_quote_with_sanitair" time="0.470" /><testcase classname="backend.tests.test_recra_api.TestProductsAPI" name="test_get_all_products_returns_22" time="0.098" /><testcase classname="backend.tests.test_recra_api.TestProductsAPI" name="test_no_muntautomaat_in_products" time="0.122" /><testcase classname="backend.tests.test_recra_api.TestProductsAPI" name="test_sanitair_category_has_3_products" time="0.095" /><testcase classname="backend.tests.test_recra_api.TestProductsAPI" name="test_douchelezer_category_has_3_products" time="0.094" /><testcase classname="backend.tests.test_recra_api.TestProductsAPI" name="test_all_categories_exist" time="0.094" /><testcase classname="backend.tests.test_recra_api.TestProductsAPI" name="test_product_has_required_fields" time="0.112" /><testcase classname="backend.tests.test_recra_api.TestProjectsAPI" name="test_create_project" time="0.107" /><testcase classname="backend.tests.test_recra_api.TestProjectsAPI" name="test_get_project" time="0.190" /><testcase classname="backend.tests.test_recra_api.TestProjectsAPI" name="test_update_project_with_placed_products" time="0.277" /><testcase classname="backend.tests.test_recra_api.TestProjectsAPI" name="test_delete_project" time="0.297" /><testcase classname="backend.tests.test_recra_api.TestQuoteAPI" name="test_calculate_quote" time="0.481" /><testcase classname="backend.tests.test_recra_api.TestAIRecommendationsAPI" name="test_get_recommendations" time="10.464" /><testcase classname="backend.tests.test_recra_api.TestPDFExportAPI" name="test_generate_pdf" time="0.458" /><testcase classname="backend.tests.test_recra_api.TestHealthAndRoot" name="test_api_root" time="0.641" /></testsuite></testsuites>