<?xml version="1.0" encoding="utf-8"?><testsuites name="pytest tests"><testsuite name="pytest" errors="0" failures="0" skipped="0" tests="17" time="3.898" timestamp="2026-04-06T09:09:33.436959+00:00" hostname="agent-env-9c1f166d-6ea7-492a-ab9b-04a64b16afb1"><testcase classname="backend.tests.test_iteration11_paywall.TestProductsAndFlows" name="test_total_products_count" time="0.189" /><testcase classname="backend.tests.test_iteration11_paywall.TestProductsAndFlows" name="test_new_unifi_products_exist" time="0.096" /><testcase classname="backend.tests.test_iteration11_paywall.TestProductsAndFlows" name="test_recreatie_flow_all_categories" time="0.100" /><testcase classname="backend.tests.test_iteration11_paywall.TestProductsAndFlows" name="test_chalet_flow_no_slagboom" time="0.106" /><testcase classname="backend.tests.test_iteration11_paywall.TestProductsAndFlows" name="test_fec_flow_no_sanitair_douchelezer" time="0.099" /><testcase classname="backend.tests.test_iteration11_paywall.TestRuleBasedAI" name="test_ai_recommendations_returns_rules" time="0.293" /><testcase classname="backend.tests.test_iteration11_paywall.TestRuleBasedAI" name="test_ai_sanitair_rule" time="0.317" /><testcase classname="backend.tests.test_iteration11_paywall.TestRuleBasedAI" name="test_ai_wifi_rule" time="0.289" /><testcase classname="backend.tests.test_iteration11_paywall.TestRuleBasedAI" name="test_ai_camera_rule" time="0.308" /><testcase classname="backend.tests.test_iteration11_paywall.TestRuleBasedAI" name="test_ai_slagboom_rule" time="0.317" /><testcase classname="backend.tests.test_iteration11_paywall.TestRuleBasedAI" name="test_ai_verlichting_rule" time="0.283" /><testcase classname="backend.tests.test_iteration11_paywall.TestTravelCostsFiltering" name="test_travel_costs_only_for_placed_categories" time="0.405" /><testcase classname="backend.tests.test_iteration11_paywall.TestTravelCostsFiltering" name="test_travel_costs_multiple_categories" time="0.395" /><testcase classname="backend.tests.test_iteration11_paywall.TestTravelCostsFiltering" name="test_no_travel_costs_for_empty_project" time="0.301" /><testcase classname="backend.tests.test_iteration11_paywall.TestSupplierMatching" name="test_supplier_match_returns_data" time="0.100" /><testcase classname="backend.tests.test_iteration11_paywall.TestHealthAndBasics" name="test_api_health" time="0.088" /><testcase classname="backend.tests.test_iteration11_paywall.TestHealthAndBasics" name="test_products_endpoint" time="0.121" /></testsuite></testsuites>