<?xml version="1.0" encoding="utf-8"?><testsuites name="pytest tests"><testsuite name="pytest" errors="0" failures="0" skipped="0" tests="14" time="1.395" timestamp="2026-04-28T08:12:20.343185+00:00" hostname="agent-env-e9d4b682-bd13-4c8a-98e3-832009d61c35"><testcase classname="backend.tests.test_iteration27_horeca.TestHorecaProducts" name="test_get_products_count_32" time="0.193" /><testcase classname="backend.tests.test_iteration27_horeca.TestHorecaProducts" name="test_lease_formula_eijsink_pos" time="0.059" /><testcase classname="backend.tests.test_iteration27_horeca.TestHorecaProducts" name="test_lease_formula_all_products" time="0.048" /><testcase classname="backend.tests.test_iteration27_horeca.TestHorecaProducts" name="test_no_raw_margin_in_response" time="0.051" /><testcase classname="backend.tests.test_iteration27_horeca.TestHorecaSuppliers" name="test_suppliers_count_7" time="0.068" /><testcase classname="backend.tests.test_iteration27_horeca.TestHorecaSuppliers" name="test_suppliers_names" time="0.047" /><testcase classname="backend.tests.test_iteration27_horeca.TestHorecaZoneTypes" name="test_zone_types_count_7" time="0.047" /><testcase classname="backend.tests.test_iteration27_horeca.TestHorecaTop5" name="test_top5_returns_5" time="0.046" /><testcase classname="backend.tests.test_iteration27_horeca.TestHorecaTop5" name="test_top5_sorted_by_revenue_per_m2" time="0.046" /><testcase classname="backend.tests.test_iteration27_horeca.TestHorecaTop5" name="test_top5_lease_monthly_field" time="0.046" /><testcase classname="backend.tests.test_iteration27_horeca.TestHorecaCalculateRevenue" name="test_calculate_with_products" time="0.057" /><testcase classname="backend.tests.test_iteration27_horeca.TestHorecaCalculateRevenue" name="test_calculate_empty_products" time="0.048" /><testcase classname="backend.tests.test_iteration27_horeca.TestEijsinkProfile" name="test_get_eijsink_profile" time="0.049" /><testcase classname="backend.tests.test_iteration27_horeca.TestAuth" name="test_login_admin" time="0.496" /></testsuite></testsuites>