<?xml version="1.0" encoding="utf-8"?><testsuites name="pytest tests"><testsuite name="pytest" errors="0" failures="0" skipped="0" tests="16" time="1.751" timestamp="2026-04-07T06:21:24.652229+00:00" hostname="agent-env-95a1d1c8-9f74-4f57-97c2-a1613d485171"><testcase classname="backend.tests.test_ik_products.TestIKProductsRecra" name="test_recreatie_flow_product_count" time="0.124" /><testcase classname="backend.tests.test_ik_products.TestIKProductsRecra" name="test_recreatie_flow_has_informatiezuil_category" time="0.108" /><testcase classname="backend.tests.test_ik_products.TestIKProductsRecra" name="test_chalet_flow_has_informatiezuil_products" time="0.101" /><testcase classname="backend.tests.test_ik_products.TestIKProductsRecra" name="test_fec_flow_has_informatiezuil_products" time="0.105" /><testcase classname="backend.tests.test_ik_products.TestIKProductsRecra" name="test_ik_outdoor_portrait_kiosk_price" time="0.103" /><testcase classname="backend.tests.test_ik_products.TestIKProductsRecra" name="test_ik_55_outdoor_landscape_kiosk_price" time="0.097" /><testcase classname="backend.tests.test_ik_products.TestIKProductsRecra" name="test_all_ik_products_have_correct_category" time="0.108" /><testcase classname="backend.tests.test_ik_products.TestIKProductsFEC" name="test_fec_products_count" time="0.097" /><testcase classname="backend.tests.test_ik_products.TestIKProductsFEC" name="test_fec_products_has_ik_indoor_kiosks" time="0.096" /><testcase classname="backend.tests.test_ik_products.TestIKProductsFEC" name="test_fec_suppliers_count" time="0.098" /><testcase classname="backend.tests.test_ik_products.TestIKProductsFEC" name="test_fec_suppliers_includes_ik_display" time="0.115" /><testcase classname="backend.tests.test_ik_products.TestIKProductsFEC" name="test_ik_21_indoor_lease_price" time="0.097" /><testcase classname="backend.tests.test_ik_products.TestIKProductsFEC" name="test_ik_43_indoor_lease_price" time="0.109" /><testcase classname="backend.tests.test_ik_products.TestIKProductsFEC" name="test_ik_fec_products_have_revenue_data" time="0.096" /><testcase classname="backend.tests.test_ik_products.TestIKProductsIntegration" name="test_ik_products_list_all_names" time="0.110" /><testcase classname="backend.tests.test_ik_products.TestIKProductsIntegration" name="test_fec_ik_products_list_all_names" time="0.117" /></testsuite></testsuites>