<?xml version="1.0" encoding="utf-8"?><testsuites name="pytest tests"><testsuite name="pytest" errors="0" failures="0" skipped="0" tests="22" time="2.597" timestamp="2026-04-10T05:18:49.402088+00:00" hostname="agent-env-e2420cc5-e53c-43b1-9aed-e857bc11a82b"><testcase classname="backend.tests.test_iteration20_location_wellness.TestLocationIntelligence" name="test_get_all_provinces" time="0.125" /><testcase classname="backend.tests.test_iteration20_location_wellness.TestLocationIntelligence" name="test_province_names" time="0.106" /><testcase classname="backend.tests.test_iteration20_location_wellness.TestLocationIntelligence" name="test_province_detail_gelderland" time="0.105" /><testcase classname="backend.tests.test_iteration20_location_wellness.TestLocationIntelligence" name="test_province_detail_zeeland" time="0.101" /><testcase classname="backend.tests.test_iteration20_location_wellness.TestLocationIntelligence" name="test_province_not_found" time="0.113" /><testcase classname="backend.tests.test_iteration20_location_wellness.TestLocationIntelligence" name="test_investering_calculator" time="0.116" /><testcase classname="backend.tests.test_iteration20_location_wellness.TestLocationIntelligence" name="test_grondprijs_vergelijking" time="0.101" /><testcase classname="backend.tests.test_iteration20_location_wellness.TestTicraWellnessProducts" name="test_wellness_category_in_recreatie_products" time="0.124" /><testcase classname="backend.tests.test_iteration20_location_wellness.TestTicraWellnessProducts" name="test_wellness_products_count" time="0.107" /><testcase classname="backend.tests.test_iteration20_location_wellness.TestTicraWellnessProducts" name="test_wellness_products_have_ticra_supplier" time="0.111" /><testcase classname="backend.tests.test_iteration20_location_wellness.TestTicraWellnessProducts" name="test_wellness_products_have_images" time="0.112" /><testcase classname="backend.tests.test_iteration20_location_wellness.TestTicraWellnessProducts" name="test_wellness_subcategories" time="0.109" /><testcase classname="backend.tests.test_iteration20_location_wellness.TestTicraWellnessProducts" name="test_wellness_price_ranges" time="0.102" /><testcase classname="backend.tests.test_iteration20_location_wellness.TestTicraWellnessInChaletUpgrades" name="test_chalet_upgrade_options_include_wellness" time="0.100" /><testcase classname="backend.tests.test_iteration20_location_wellness.TestTicraWellnessInChaletUpgrades" name="test_glamping_upgrade_options_include_wellness" time="0.114" /><testcase classname="backend.tests.test_iteration20_location_wellness.TestTicraWellnessInChaletUpgrades" name="test_wellness_upgrade_options_have_ticra_supplier" time="0.126" /><testcase classname="backend.tests.test_iteration20_location_wellness.TestTicraWellnessInChaletUpgrades" name="test_wellness_upgrade_options_have_images" time="0.102" /><testcase classname="backend.tests.test_iteration20_location_wellness.TestTicraWellnessInChaletUpgrades" name="test_wellness_upgrade_pricing_calculation" time="0.205" /><testcase classname="backend.tests.test_iteration20_location_wellness.TestAllFlowsStillWork" name="test_recreatie_flow_products" time="0.100" /><testcase classname="backend.tests.test_iteration20_location_wellness.TestAllFlowsStillWork" name="test_chalet_flow_models" time="0.113" /><testcase classname="backend.tests.test_iteration20_location_wellness.TestAllFlowsStillWork" name="test_fec_flow_products" time="0.103" /><testcase classname="backend.tests.test_iteration20_location_wellness.TestAllFlowsStillWork" name="test_dashboard_projects" time="0.096" /></testsuite></testsuites>