<?xml version="1.0" encoding="utf-8"?><testsuites name="pytest tests"><testsuite name="pytest" errors="0" failures="2" skipped="0" tests="15" time="30.267" timestamp="2026-04-04T12:40:51.860482+00:00" hostname="agent-env-9dc20e42-e12e-44f2-9405-f6071e00f945"><testcase classname="backend.tests.test_ai_services.TestAIQuoteTextGeneration" name="test_generate_quote_text_success" time="8.901" /><testcase classname="backend.tests.test_ai_services.TestAIQuoteTextGeneration" name="test_generate_quote_text_empty_products" time="10.012" /><testcase classname="backend.tests.test_ai_services.TestWebsiteScraper" name="test_scrape_products_valid_url" time="0.272"><failure message="AssertionError: Expected 200, got 400: {&quot;detail&quot;:&quot;Kon pagina niet laden: [SSL: CERTIFICATE_VERIFY_FAILED] certificate verify failed: unable to get local issuer certificate (_ssl.c:1016)&quot;}&#10;assert 400 == 200&#10; +  where 400 = &lt;Response [400]&gt;.status_code">backend/tests/test_ai_services.py:80: in test_scrape_products_valid_url
    assert response.status_code == 200, f"Expected 200, got {response.status_code}: {response.text}"
E   AssertionError: Expected 200, got 400: {"detail":"Kon pagina niet laden: [SSL: CERTIFICATE_VERIFY_FAILED] certificate verify failed: unable to get local issuer certificate (_ssl.c:1016)"}
E   assert 400 == 200
E    +  where 400 = &lt;Response [400]&gt;.status_code</failure></testcase><testcase classname="backend.tests.test_ai_services.TestWebsiteScraper" name="test_scrape_products_invalid_url" time="0.157" /><testcase classname="backend.tests.test_ai_services.TestWebsiteScraper" name="test_scrape_products_url_without_protocol" time="0.148"><failure message="AssertionError: Expected 200, got 400&#10;assert 400 == 200&#10; +  where 400 = &lt;Response [400]&gt;.status_code">backend/tests/test_ai_services.py:109: in test_scrape_products_url_without_protocol
    assert response.status_code == 200, f"Expected 200, got {response.status_code}"
E   AssertionError: Expected 200, got 400
E   assert 400 == 200
E    +  where 400 = &lt;Response [400]&gt;.status_code</failure></testcase><testcase classname="backend.tests.test_ai_services.TestExcelCSVImport" name="test_import_csv_file" time="1.101" /><testcase classname="backend.tests.test_ai_services.TestExcelCSVImport" name="test_import_empty_file" time="0.143" /><testcase classname="backend.tests.test_ai_services.TestExcelCSVImport" name="test_import_unsupported_format" time="0.143" /><testcase classname="backend.tests.test_ai_services.TestImportConfirm" name="test_confirm_import_products" time="0.282" /><testcase classname="backend.tests.test_ai_services.TestImportConfirm" name="test_confirm_import_empty_list" time="0.100" /><testcase classname="backend.tests.test_ai_services.TestFloorPlanAnalysis" name="test_analyze_floorplan_basic" time="4.396" /><testcase classname="backend.tests.test_ai_services.TestFloorPlanAnalysis" name="test_analyze_floorplan_with_data_url_prefix" time="4.061" /><testcase classname="backend.tests.test_ai_services.TestExistingEndpoints" name="test_health_check" time="0.137" /><testcase classname="backend.tests.test_ai_services.TestExistingEndpoints" name="test_get_products" time="0.100" /><testcase classname="backend.tests.test_ai_services.TestExistingEndpoints" name="test_get_projects" time="0.109" /></testsuite></testsuites>