<?xml version="1.0" encoding="utf-8"?><testsuites name="pytest tests"><testsuite name="pytest" errors="0" failures="0" skipped="0" tests="16" time="3.651" timestamp="2026-04-13T13:03:55.140231+00:00" hostname="agent-env-ba51e1aa-693f-41d2-bcd4-c61a6db963de"><testcase classname="backend.tests.test_iteration25_supplier_admin.TestSupplierCRUD" name="test_list_suppliers_returns_all" time="0.248" /><testcase classname="backend.tests.test_iteration25_supplier_admin.TestSupplierCRUD" name="test_list_suppliers_filter_by_recreatie_flow" time="0.150" /><testcase classname="backend.tests.test_iteration25_supplier_admin.TestSupplierCRUD" name="test_list_suppliers_filter_by_chalet_flow" time="0.118" /><testcase classname="backend.tests.test_iteration25_supplier_admin.TestSupplierCRUD" name="test_list_suppliers_filter_by_fec_flow" time="0.117" /><testcase classname="backend.tests.test_iteration25_supplier_admin.TestSupplierStats" name="test_supplier_stats_returns_correct_structure" time="0.161" /><testcase classname="backend.tests.test_iteration25_supplier_admin.TestSupplierCreate" name="test_create_supplier_with_flows" time="0.354" /><testcase classname="backend.tests.test_iteration25_supplier_admin.TestSupplierCreate" name="test_create_supplier_with_single_flow" time="0.260" /><testcase classname="backend.tests.test_iteration25_supplier_admin.TestSupplierCreate" name="test_create_supplier_with_all_flows" time="0.287" /><testcase classname="backend.tests.test_iteration25_supplier_admin.TestSupplierUpdate" name="test_update_supplier_flows" time="0.518" /><testcase classname="backend.tests.test_iteration25_supplier_admin.TestSupplierUpdate" name="test_update_supplier_partial" time="0.368" /><testcase classname="backend.tests.test_iteration25_supplier_admin.TestSupplierDelete" name="test_delete_supplier" time="0.333" /><testcase classname="backend.tests.test_iteration25_supplier_admin.TestSupplierDelete" name="test_delete_nonexistent_supplier" time="0.104" /><testcase classname="backend.tests.test_iteration25_supplier_admin.TestSupplierGet" name="test_get_supplier_by_id" time="0.209" /><testcase classname="backend.tests.test_iteration25_supplier_admin.TestSupplierGet" name="test_get_nonexistent_supplier" time="0.108" /><testcase classname="backend.tests.test_iteration25_supplier_admin.TestSeededSuppliers" name="test_seeded_suppliers_have_flows" time="0.111" /><testcase classname="backend.tests.test_iteration25_supplier_admin.TestSeededSuppliers" name="test_seeded_suppliers_have_website" time="0.107" /></testsuite></testsuites>