<?xml version="1.0" encoding="utf-8"?><testsuites name="pytest tests"><testsuite name="pytest" errors="0" failures="0" skipped="0" tests="25" time="4.236" timestamp="2026-04-06T11:24:13.176429+00:00" hostname="agent-env-9c1f166d-6ea7-492a-ab9b-04a64b16afb1"><testcase classname="backend.tests.test_fec_engine.TestFecProducts" name="test_get_fec_products_returns_200" time="0.209" /><testcase classname="backend.tests.test_fec_engine.TestFecProducts" name="test_get_fec_products_returns_14_products" time="0.102" /><testcase classname="backend.tests.test_fec_engine.TestFecProducts" name="test_fec_products_have_required_fields" time="0.095" /><testcase classname="backend.tests.test_fec_engine.TestFecProducts" name="test_fec_products_categories" time="0.095" /><testcase classname="backend.tests.test_fec_engine.TestFecTop5" name="test_get_top5_returns_200" time="1.103" /><testcase classname="backend.tests.test_fec_engine.TestFecTop5" name="test_get_top5_returns_5_products" time="0.138" /><testcase classname="backend.tests.test_fec_engine.TestFecTop5" name="test_top5_sorted_by_revenue_per_m2" time="0.093" /><testcase classname="backend.tests.test_fec_engine.TestFecTop5" name="test_top5_has_required_fields" time="0.099" /><testcase classname="backend.tests.test_fec_engine.TestFecZoneTypes" name="test_get_zone_types_returns_200" time="0.098" /><testcase classname="backend.tests.test_fec_engine.TestFecZoneTypes" name="test_zone_types_returns_7_types" time="0.126" /><testcase classname="backend.tests.test_fec_engine.TestFecZoneTypes" name="test_zone_types_have_required_fields" time="0.164" /><testcase classname="backend.tests.test_fec_engine.TestFecSuppliers" name="test_get_suppliers_returns_200" time="0.097" /><testcase classname="backend.tests.test_fec_engine.TestFecSuppliers" name="test_suppliers_returns_5_suppliers" time="0.097" /><testcase classname="backend.tests.test_fec_engine.TestFecSuppliers" name="test_suppliers_have_required_fields" time="0.098" /><testcase classname="backend.tests.test_fec_engine.TestFecCalculateRevenue" name="test_calculate_revenue_returns_200" time="0.100" /><testcase classname="backend.tests.test_fec_engine.TestFecCalculateRevenue" name="test_calculate_revenue_response_structure" time="0.101" /><testcase classname="backend.tests.test_fec_engine.TestFecCalculateRevenue" name="test_calculate_revenue_correct_calculation" time="0.104" /><testcase classname="backend.tests.test_fec_engine.TestFecCalculateRevenue" name="test_calculate_revenue_multiple_products" time="0.100" /><testcase classname="backend.tests.test_fec_engine.TestFecCalculateRevenue" name="test_calculate_revenue_returns_suggestions" time="0.099" /><testcase classname="backend.tests.test_fec_engine.TestFecCalculateRevenue" name="test_calculate_revenue_top_performers" time="0.097" /><testcase classname="backend.tests.test_fec_engine.TestRecreatieChaletFlowsStillWork" name="test_products_endpoint_still_works" time="0.098" /><testcase classname="backend.tests.test_fec_engine.TestRecreatieChaletFlowsStillWork" name="test_products_filter_by_recreatie_flow" time="0.104" /><testcase classname="backend.tests.test_fec_engine.TestRecreatieChaletFlowsStillWork" name="test_products_filter_by_chalet_flow" time="0.096" /><testcase classname="backend.tests.test_fec_engine.TestRecreatieChaletFlowsStillWork" name="test_projects_crud_still_works" time="0.307" /><testcase classname="backend.tests.test_fec_engine.TestRecreatieChaletFlowsStillWork" name="test_ai_recommendations_still_works" time="0.287" /></testsuite></testsuites>