<?xml version="1.0" encoding="utf-8"?><testsuites name="pytest tests"><testsuite name="pytest" errors="0" failures="0" skipped="0" tests="19" time="2.560" timestamp="2026-04-08T12:38:12.198183+00:00" hostname="agent-env-95a1d1c8-9f74-4f57-97c2-a1613d485171"><testcase classname="backend.tests.test_chalet_engine.TestChaletModelsCount" name="test_get_all_models_returns_26" time="0.209" /><testcase classname="backend.tests.test_chalet_engine.TestChaletModelsCount" name="test_chalet_category_returns_17" time="0.111" /><testcase classname="backend.tests.test_chalet_engine.TestChaletModelsCount" name="test_glamping_category_returns_9" time="0.115" /><testcase classname="backend.tests.test_chalet_engine.TestSupplierFilters" name="test_kunert_returns_8_models" time="0.140" /><testcase classname="backend.tests.test_chalet_engine.TestSupplierFilters" name="test_arcabo_returns_6_models" time="0.113" /><testcase classname="backend.tests.test_chalet_engine.TestSupplierFilters" name="test_bbs_returns_3_models" time="0.107" /><testcase classname="backend.tests.test_chalet_engine.TestSupplierFilters" name="test_campsolutions_returns_9_models" time="0.107" /><testcase classname="backend.tests.test_chalet_engine.TestSuppliersEndpoint" name="test_suppliers_returns_4" time="0.132" /><testcase classname="backend.tests.test_chalet_engine.TestSuppliersEndpoint" name="test_suppliers_have_correct_names" time="0.109" /><testcase classname="backend.tests.test_chalet_engine.TestFiltersEndpoint" name="test_filters_include_categorieen" time="0.102" /><testcase classname="backend.tests.test_chalet_engine.TestFiltersEndpoint" name="test_filters_include_4_suppliers" time="0.114" /><testcase classname="backend.tests.test_chalet_engine.TestBestemmingFilter" name="test_filter_by_bestemming_pre_mantelzorg" time="0.117" /><testcase classname="backend.tests.test_chalet_engine.TestDakVormFilter" name="test_filter_by_dak_vorm_zadeldak" time="0.095" /><testcase classname="backend.tests.test_chalet_engine.TestSpecificModelPricing" name="test_kunert_plat_12_pricing" time="0.114" /><testcase classname="backend.tests.test_chalet_engine.TestSpecificModelPricing" name="test_wood_lodge_junior_pricing" time="0.098" /><testcase classname="backend.tests.test_chalet_engine.TestModelStructure" name="test_models_have_required_fields" time="0.112" /><testcase classname="backend.tests.test_chalet_engine.TestModelStructure" name="test_glamping_models_have_tent_category" time="0.109" /><testcase classname="backend.tests.test_chalet_engine.TestModelStructure" name="test_chalet_models_have_chalet_category" time="0.296" /><testcase classname="backend.tests.test_chalet_engine.TestBTWCalculation" name="test_btw_21_percent" time="0.126" /></testsuite></testsuites>