<?xml version="1.0" encoding="utf-8"?><testsuites name="pytest tests"><testsuite name="pytest" errors="0" failures="0" skipped="0" tests="19" time="2.256" timestamp="2026-04-05T08:56:31.493986+00:00" hostname="agent-env-9dc20e42-e12e-44f2-9405-f6071e00f945"><testcase classname="backend.tests.test_iteration9_products.TestProductCount" name="test_total_products_count" time="0.178" /><testcase classname="backend.tests.test_iteration9_products.TestNiceM5BARProducts" name="test_nice_m5bar_exists" time="0.133" /><testcase classname="backend.tests.test_iteration9_products.TestNiceM5BARProducts" name="test_nice_m5bar_kentekenherkenning_exists" time="0.134" /><testcase classname="backend.tests.test_iteration9_products.TestUniFiCameras" name="test_unifi_g5_bullet_exists" time="0.129" /><testcase classname="backend.tests.test_iteration9_products.TestUniFiCameras" name="test_unifi_g5_dome_ultra_exists" time="0.095" /><testcase classname="backend.tests.test_iteration9_products.TestUniFiCameras" name="test_unifi_g5_pro_exists" time="0.108" /><testcase classname="backend.tests.test_iteration9_products.TestUniFiCameras" name="test_unifi_g5_turret_ultra_exists" time="0.095" /><testcase classname="backend.tests.test_iteration9_products.TestUniFiCameras" name="test_unifi_ai_lpr_camera_exists" time="0.102" /><testcase classname="backend.tests.test_iteration9_products.TestUniFiCameras" name="test_camera_category_has_5_products" time="0.105" /><testcase classname="backend.tests.test_iteration9_products.TestUniFiAccessProducts" name="test_unifi_access_hub_exists" time="0.098" /><testcase classname="backend.tests.test_iteration9_products.TestUniFiAccessProducts" name="test_unifi_access_reader_lite_exists" time="0.128" /><testcase classname="backend.tests.test_iteration9_products.TestUniFiAccessProducts" name="test_unifi_access_reader_pro_exists" time="0.140" /><testcase classname="backend.tests.test_iteration9_products.TestUniFiAccessProducts" name="test_unifi_access_starter_kit_exists" time="0.097" /><testcase classname="backend.tests.test_iteration9_products.TestUniFiAccessProducts" name="test_toegangscontrole_category_has_4_products" time="0.096" /><testcase classname="backend.tests.test_iteration9_products.TestRemovedProducts" name="test_no_muntautomaat" time="0.098" /><testcase classname="backend.tests.test_iteration9_products.TestRemovedProducts" name="test_no_old_cameras" time="0.091" /><testcase classname="backend.tests.test_iteration9_products.TestRemovedProducts" name="test_no_old_access_control" time="0.099" /><testcase classname="backend.tests.test_iteration9_products.TestCategoryFilter" name="test_filter_by_camera_category" time="0.101" /><testcase classname="backend.tests.test_iteration9_products.TestCategoryFilter" name="test_filter_by_slagboom_category" time="0.107" /></testsuite></testsuites>