<?xml version="1.0" encoding="utf-8"?><testsuites name="pytest tests"><testsuite name="pytest" errors="0" failures="0" skipped="0" tests="19" time="5.850" timestamp="2026-04-09T19:55:16.896266+00:00" hostname="agent-env-95a1d1c8-9f74-4f57-97c2-a1613d485171"><testcase classname="backend.tests.test_supabase_platform.TestPlatformHealth" name="test_platform_health_connected" time="0.500" /><testcase classname="backend.tests.test_supabase_platform.TestPlatformSessions" name="test_start_session" time="0.299" /><testcase classname="backend.tests.test_supabase_platform.TestPlatformSessions" name="test_start_session_chalet_flow" time="0.289" /><testcase classname="backend.tests.test_supabase_platform.TestPlatformSessions" name="test_update_session" time="0.551" /><testcase classname="backend.tests.test_supabase_platform.TestPlatformBenchmark" name="test_record_benchmark_model_selected" time="0.292" /><testcase classname="backend.tests.test_supabase_platform.TestPlatformBenchmark" name="test_record_benchmark_supplier_selected" time="0.276" /><testcase classname="backend.tests.test_supabase_platform.TestPlatformBenchmark" name="test_record_benchmark_investment" time="0.296" /><testcase classname="backend.tests.test_supabase_platform.TestPlatformBenchmark" name="test_get_benchmark_trends" time="0.273" /><testcase classname="backend.tests.test_supabase_platform.TestPlatformBenchmark" name="test_get_benchmark_trends_filtered" time="0.253" /><testcase classname="backend.tests.test_supabase_platform.TestPlatformScenarios" name="test_save_scenario_basis" time="0.277" /><testcase classname="backend.tests.test_supabase_platform.TestPlatformScenarios" name="test_save_scenario_luxe" time="0.271" /><testcase classname="backend.tests.test_supabase_platform.TestPlatformScenarios" name="test_save_scenario_max_bezetting" time="0.295" /><testcase classname="backend.tests.test_supabase_platform.TestPlatformScenarios" name="test_get_all_scenarios" time="0.275" /><testcase classname="backend.tests.test_supabase_platform.TestPlatformLeads" name="test_get_leads" time="0.291" /><testcase classname="backend.tests.test_supabase_platform.TestPlatformLeads" name="test_get_leads_filtered_by_status" time="0.289" /><testcase classname="backend.tests.test_supabase_platform.TestPlatformLeads" name="test_get_leads_filtered_by_min_score" time="0.288" /><testcase classname="backend.tests.test_supabase_platform.TestPlatformPartners" name="test_track_partner_view" time="0.270" /><testcase classname="backend.tests.test_supabase_platform.TestPlatformPartners" name="test_track_partner_select" time="0.326" /><testcase classname="backend.tests.test_supabase_platform.TestMigrationSQL" name="test_get_migration_sql" time="0.135" /></testsuite></testsuites>